<?xml version="1.0" encoding="UTF-8"?>
<testsuite name="com.farmlog.attachment.Phase6MapperContractTest" tests="2" skipped="0" failures="0" errors="0" timestamp="2026-07-20T07:17:41.651Z" hostname="DESKTOP-D0KHPJK" time="0.008">
  <properties/>
  <testcase name="currentReadsTenantScopesAndOptimisticLocksArePresent()" classname="com.farmlog.attachment.Phase6MapperContractTest" time="0.005"/>
  <testcase name="schemaAndMigrationKeepExportCompatibilityAndBackfillRequiredKeys()" classname="com.farmlog.attachment.Phase6MapperContractTest" time="0.002"/>
  <system-out><![CDATA[]]></system-out>
  <system-err><![CDATA[]]></system-err>
</testsuite>
