<?xml version="1.0" encoding="UTF-8"?>
<testsuite name="com.farmlog.auth.AuthControllerWebTest" tests="7" skipped="0" failures="0" errors="0" timestamp="2026-07-20T07:17:41.668Z" hostname="DESKTOP-D0KHPJK" time="3.415">
  <properties/>
  <testcase name="signUp_shortPassword_returns400ValidationError()" classname="com.farmlog.auth.AuthControllerWebTest" time="0.309"/>
  <testcase name="refresh_usesCookieOverBody_whenBothPresent()" classname="com.farmlog.auth.AuthControllerWebTest" time="0.03"/>
  <testcase name="refresh_noTokenAtAll_delegatesToServiceAndReturns401()" classname="com.farmlog.auth.AuthControllerWebTest" time="0.007"/>
  <testcase name="signUp_invalidEmail_returns400ValidationError()" classname="com.farmlog.auth.AuthControllerWebTest" time="0.007"/>
  <testcase name="passwordResetRequest_missingEmail_returns400()" classname="com.farmlog.auth.AuthControllerWebTest" time="0.01"/>
  <testcase name="login_invalidCredentials_returns401WithCommonErrorFormat()" classname="com.farmlog.auth.AuthControllerWebTest" time="0.016"/>
  <testcase name="signUp_success_returnsTokensAndSetsRefreshCookie()" classname="com.farmlog.auth.AuthControllerWebTest" time="0.011"/>
  <system-out><![CDATA[16:17:41.839 [Test worker] INFO org.springframework.test.context.support.AnnotationConfigContextLoaderUtils -- Could not detect default configuration classes for test class [com.farmlog.auth.AuthControllerWebTest]: AuthControllerWebTest does not declare any static, non-private, non-final, nested classes annotated with @Configuration.
16:17:42.030 [Test worker] INFO org.springframework.boot.test.context.SpringBootTestContextBootstrapper -- Found @SpringBootConfiguration com.farmlog.FarmlogApiApplication for test class com.farmlog.auth.AuthControllerWebTest

  .   ____          _            __ _ _
 /\\ / ___'_ __ _ _(_)_ __  __ _ \ \ \ \
( ( )\___ | '_ | '_| | '_ \/ _` | \ \ \ \
 \\/  ___)| |_)| | | | | || (_| |  ) ) ) )
  '  |____| .__|_| |_|_| |_\__, | / / / /
 =========|_|==============|___/=/_/_/_/

 :: Spring Boot ::                (v3.3.5)

2026-07-20T16:17:42.563+09:00  INFO 32132 --- [farmlog-api] [    Test worker] com.farmlog.auth.AuthControllerWebTest   : Starting AuthControllerWebTest using Java 17.0.16 with PID 32132 (started by dong in C:\Users\dong\Desktop\Company\project\파밍로그\app\backend)
2026-07-20T16:17:42.564+09:00 DEBUG 32132 --- [farmlog-api] [    Test worker] com.farmlog.auth.AuthControllerWebTest   : Running with Spring Boot v3.3.5, Spring v6.1.14
2026-07-20T16:17:42.565+09:00  INFO 32132 --- [farmlog-api] [    Test worker] com.farmlog.auth.AuthControllerWebTest   : The following 1 profile is active: "local"
2026-07-20T16:17:44.083+09:00  WARN 32132 --- [farmlog-api] [    Test worker] .s.s.UserDetailsServiceAutoConfiguration : 

Using generated security password: 50ae023c-3b77-43a3-8db7-be19a25505de

This generated password is for development use only. Your security configuration must be updated before running your application in production.

2026-07-20T16:17:44.101+09:00  INFO 32132 --- [farmlog-api] [    Test worker] r$InitializeUserDetailsManagerConfigurer : Global AuthenticationManager configured with UserDetailsService bean with name inMemoryUserDetailsManager
2026-07-20T16:17:44.356+09:00 DEBUG 32132 --- [farmlog-api] [    Test worker] o.s.s.web.DefaultSecurityFilterChain     : Will secure any request with filters: DisableEncodeUrlFilter, WebAsyncManagerIntegrationFilter, SecurityContextHolderFilter, HeaderWriterFilter, LogoutFilter, JwtAuthenticationFilter, RequestCacheAwareFilter, SecurityContextHolderAwareRequestFilter, AnonymousAuthenticationFilter, SessionManagementFilter, ExceptionTranslationFilter, AuthorizationFilter
2026-07-20T16:17:44.620+09:00 DEBUG 32132 --- [farmlog-api] [    Test worker] c.f.c.security.JwtAuthenticationFilter   : Filter 'jwtAuthenticationFilter' configured for use
2026-07-20T16:17:44.634+09:00  INFO 32132 --- [farmlog-api] [    Test worker] o.s.b.t.m.w.SpringBootMockServletContext : Initializing Spring TestDispatcherServlet ''
2026-07-20T16:17:44.634+09:00  INFO 32132 --- [farmlog-api] [    Test worker] o.s.t.web.servlet.TestDispatcherServlet  : Initializing Servlet ''
2026-07-20T16:17:44.637+09:00  INFO 32132 --- [farmlog-api] [    Test worker] o.s.t.web.servlet.TestDispatcherServlet  : Completed initialization in 2 ms
2026-07-20T16:17:44.675+09:00  INFO 32132 --- [farmlog-api] [    Test worker] com.farmlog.auth.AuthControllerWebTest   : Started AuthControllerWebTest in 2.558 seconds (process running for 6.524)
2026-07-20T16:17:44.734+09:00 DEBUG 32132 --- [farmlog-api] [    Test worker] o.s.security.web.FilterChainProxy        : Securing POST /auth/signup
2026-07-20T16:17:44.744+09:00 DEBUG 32132 --- [farmlog-api] [    Test worker] o.s.s.w.a.AnonymousAuthenticationFilter  : Set SecurityContextHolder to anonymous SecurityContext
2026-07-20T16:17:44.747+09:00 DEBUG 32132 --- [farmlog-api] [    Test worker] o.s.security.web.FilterChainProxy        : Secured POST /auth/signup
2026-07-20T16:17:44.924+09:00  WARN 32132 --- [farmlog-api] [    Test worker] c.f.c.exception.GlobalExceptionHandler   : [f3d5835a-7ffd-45f8-bc12-5f3c3f483e69] validation failed on POST /auth/signup: 비밀번호는 8자 이상이어야 합니다.
2026-07-20T16:17:45.000+09:00 DEBUG 32132 --- [farmlog-api] [    Test worker] o.s.security.web.FilterChainProxy        : Securing POST /auth/refresh
2026-07-20T16:17:45.001+09:00 DEBUG 32132 --- [farmlog-api] [    Test worker] o.s.s.w.a.AnonymousAuthenticationFilter  : Set SecurityContextHolder to anonymous SecurityContext
2026-07-20T16:17:45.001+09:00 DEBUG 32132 --- [farmlog-api] [    Test worker] o.s.security.web.FilterChainProxy        : Secured POST /auth/refresh
2026-07-20T16:17:45.029+09:00 DEBUG 32132 --- [farmlog-api] [    Test worker] o.s.security.web.FilterChainProxy        : Securing POST /auth/refresh
2026-07-20T16:17:45.029+09:00 DEBUG 32132 --- [farmlog-api] [    Test worker] o.s.s.w.a.AnonymousAuthenticationFilter  : Set SecurityContextHolder to anonymous SecurityContext
2026-07-20T16:17:45.029+09:00 DEBUG 32132 --- [farmlog-api] [    Test worker] o.s.security.web.FilterChainProxy        : Secured POST /auth/refresh
2026-07-20T16:17:45.031+09:00  WARN 32132 --- [farmlog-api] [    Test worker] c.f.c.exception.GlobalExceptionHandler   : [588b4c54-b1af-46a0-bb67-cc91ea2de983] business exception on POST /auth/refresh: 인증 정보가 올바르지 않습니다.
2026-07-20T16:17:45.036+09:00 DEBUG 32132 --- [farmlog-api] [    Test worker] o.s.security.web.FilterChainProxy        : Securing POST /auth/signup
2026-07-20T16:17:45.037+09:00 DEBUG 32132 --- [farmlog-api] [    Test worker] o.s.s.w.a.AnonymousAuthenticationFilter  : Set SecurityContextHolder to anonymous SecurityContext
2026-07-20T16:17:45.037+09:00 DEBUG 32132 --- [farmlog-api] [    Test worker] o.s.security.web.FilterChainProxy        : Secured POST /auth/signup
2026-07-20T16:17:45.038+09:00  WARN 32132 --- [farmlog-api] [    Test worker] c.f.c.exception.GlobalExceptionHandler   : [906aede6-a334-4804-8678-8c9860a3aae5] validation failed on POST /auth/signup: 올바른 이메일 형식을 입력해주세요.
2026-07-20T16:17:45.044+09:00 DEBUG 32132 --- [farmlog-api] [    Test worker] o.s.security.web.FilterChainProxy        : Securing POST /auth/password-reset/request
2026-07-20T16:17:45.044+09:00 DEBUG 32132 --- [farmlog-api] [    Test worker] o.s.s.w.a.AnonymousAuthenticationFilter  : Set SecurityContextHolder to anonymous SecurityContext
2026-07-20T16:17:45.045+09:00 DEBUG 32132 --- [farmlog-api] [    Test worker] o.s.security.web.FilterChainProxy        : Secured POST /auth/password-reset/request
2026-07-20T16:17:45.050+09:00  WARN 32132 --- [farmlog-api] [    Test worker] c.f.c.exception.GlobalExceptionHandler   : [a8f66619-8cb3-4407-a7de-5ce7a73679d0] validation failed on POST /auth/password-reset/request: 이메일을 입력해주세요.
2026-07-20T16:17:45.058+09:00 DEBUG 32132 --- [farmlog-api] [    Test worker] o.s.security.web.FilterChainProxy        : Securing POST /auth/login
2026-07-20T16:17:45.058+09:00 DEBUG 32132 --- [farmlog-api] [    Test worker] o.s.s.w.a.AnonymousAuthenticationFilter  : Set SecurityContextHolder to anonymous SecurityContext
2026-07-20T16:17:45.059+09:00 DEBUG 32132 --- [farmlog-api] [    Test worker] o.s.security.web.FilterChainProxy        : Secured POST /auth/login
2026-07-20T16:17:45.067+09:00  WARN 32132 --- [farmlog-api] [    Test worker] c.f.c.exception.GlobalExceptionHandler   : [b4747b4e-a489-41b7-aaf6-cafa68de3038] business exception on POST /auth/login: 이메일 또는 비밀번호가 올바르지 않습니다.
2026-07-20T16:17:45.075+09:00 DEBUG 32132 --- [farmlog-api] [    Test worker] o.s.security.web.FilterChainProxy        : Securing POST /auth/signup
2026-07-20T16:17:45.075+09:00 DEBUG 32132 --- [farmlog-api] [    Test worker] o.s.s.w.a.AnonymousAuthenticationFilter  : Set SecurityContextHolder to anonymous SecurityContext
2026-07-20T16:17:45.076+09:00 DEBUG 32132 --- [farmlog-api] [    Test worker] o.s.security.web.FilterChainProxy        : Secured POST /auth/signup
]]></system-out>
  <system-err><![CDATA[]]></system-err>
</testsuite>
