<?xml version="1.0" encoding="UTF-8"?>
<testsuite name="com.farmlog.common.tenant.FarmAccessGuardTest" tests="7" skipped="0" failures="0" errors="0" timestamp="2026-07-20T07:17:45.823Z" hostname="DESKTOP-D0KHPJK" time="0.038">
  <properties/>
  <testcase name="requireFarmRole_allowedRole_returnsMembership()" classname="com.farmlog.common.tenant.FarmAccessGuardTest" time="0.026"/>
  <testcase name="requireFarmRoleForUpdateRejectsMembershipRevokedWhileWaitingForParentLock()" classname="com.farmlog.common.tenant.FarmAccessGuardTest" time="0.002"/>
  <testcase name="requireFarmMember_notAMemberAtAll_throwsForbidden()" classname="com.farmlog.common.tenant.FarmAccessGuardTest" time="0.002"/>
  <testcase name="requireFarmMember_activeMember_returnsMembershipWithRole()" classname="com.farmlog.common.tenant.FarmAccessGuardTest" time="0.001"/>
  <testcase name="requireFarmMember_inactiveMembership_throwsForbidden()" classname="com.farmlog.common.tenant.FarmAccessGuardTest" time="0.002"/>
  <testcase name="requireFarmMember_memberOfOtherFarmOnly_throwsForbidden_crossFarmAccessRejected()" classname="com.farmlog.common.tenant.FarmAccessGuardTest" time="0.001"/>
  <testcase name="requireFarmRole_memberWithoutAllowedRole_throwsForbidden()" classname="com.farmlog.common.tenant.FarmAccessGuardTest" time="0.002"/>
  <system-out><![CDATA[]]></system-out>
  <system-err><![CDATA[]]></system-err>
</testsuite>
