<?xml version="1.0" encoding="UTF-8"?>
<testsuite name="com.farmlog.records.RecordMapperContractTest" tests="4" skipped="0" failures="0" errors="0" timestamp="2026-07-20T07:17:51.666Z" hostname="DESKTOP-D0KHPJK" time="0.167">
  <properties/>
  <testcase name="schemaHasCommonRecordColumnsUniqueRequestKeysAndUtf8KoreanSeed()" classname="com.farmlog.records.RecordMapperContractTest" time="0.004"/>
  <testcase name="detailMutationFeedAndAuthorsKeepFarmAndSoftDeleteBoundaries()" classname="com.farmlog.records.RecordMapperContractTest" time="0.079"/>
  <testcase name="insertsPersistIdempotencyAndOptimisticLockColumns()" classname="com.farmlog.records.RecordMapperContractTest" time="0.027"/>
  <testcase name="mapperXmlParsesAndListQueriesAreFarmScopedWithStableSort()" classname="com.farmlog.records.RecordMapperContractTest" time="0.056"/>
  <system-out><![CDATA[]]></system-out>
  <system-err><![CDATA[]]></system-err>
</testsuite>
