<?xml version="1.0" encoding="UTF-8"?>
<testsuite name="com.farmlog.records.RecordControllerWebTest" tests="7" skipped="0" failures="0" errors="0" timestamp="2026-07-20T07:17:50.642Z" hostname="DESKTOP-D0KHPJK" time="1.022">
  <properties/>
  <testcase name="listFeedAndAuthorsExposeStableShapes()" classname="com.farmlog.records.RecordControllerWebTest" time="0.054"/>
  <testcase name="createReturns201AndPreservesExplicitNullOverride()" classname="com.farmlog.records.RecordControllerWebTest" time="0.016"/>
  <testcase name="deleteRequiresVersionAndReturns204()" classname="com.farmlog.records.RecordControllerWebTest" time="0.015"/>
  <testcase name="staticBulkRouteWinsOverDetailAndValidatesBody()" classname="com.farmlog.records.RecordControllerWebTest" time="0.061"/>
  <testcase name="detailSerializesUppercaseRecordTypeAndPermissionFlags()" classname="com.farmlog.records.RecordControllerWebTest" time="0.007"/>
  <testcase name="invalidSettlementStatusFromListIsReturnedAs400()" classname="com.farmlog.records.RecordControllerWebTest" time="0.011"/>
  <testcase name="everyRecordEndpointRequiresAuthentication()" classname="com.farmlog.records.RecordControllerWebTest" time="0.011"/>
  <system-out><![CDATA[2026-07-20T16:17:50.645+09:00  INFO 32132 --- [farmlog-api] [    Test worker] t.c.s.AnnotationConfigContextLoaderUtils : Could not detect default configuration classes for test class [com.farmlog.records.RecordControllerWebTest]: RecordControllerWebTest does not declare any static, non-private, non-final, nested classes annotated with @Configuration.
2026-07-20T16:17:50.698+09:00  INFO 32132 --- [farmlog-api] [    Test worker] .b.t.c.SpringBootTestContextBootstrapper : Found @SpringBootConfiguration com.farmlog.FarmlogApiApplication for test class com.farmlog.records.RecordControllerWebTest

  .   ____          _            __ _ _
 /\\ / ___'_ __ _ _(_)_ __  __ _ \ \ \ \
( ( )\___ | '_ | '_| | '_ \/ _` | \ \ \ \
 \\/  ___)| |_)| | | | | || (_| |  ) ) ) )
  '  |____| .__|_| |_|_| |_\__, | / / / /
 =========|_|==============|___/=/_/_/_/

 :: Spring Boot ::                (v3.3.5)

2026-07-20T16:17:50.748+09:00  INFO 32132 --- [farmlog-api] [    Test worker] c.f.records.RecordControllerWebTest      : Starting RecordControllerWebTest using Java 17.0.16 with PID 32132 (started by dong in C:\Users\dong\Desktop\Company\project\파밍로그\app\backend)
2026-07-20T16:17:50.749+09:00 DEBUG 32132 --- [farmlog-api] [    Test worker] c.f.records.RecordControllerWebTest      : Running with Spring Boot v3.3.5, Spring v6.1.14
2026-07-20T16:17:50.749+09:00  INFO 32132 --- [farmlog-api] [    Test worker] c.f.records.RecordControllerWebTest      : The following 1 profile is active: "local"
2026-07-20T16:17:51.360+09:00  WARN 32132 --- [farmlog-api] [    Test worker] .s.s.UserDetailsServiceAutoConfiguration : 

Using generated security password: 7ad8b9af-e832-4688-b5dd-ac4527f9c56c

This generated password is for development use only. Your security configuration must be updated before running your application in production.

2026-07-20T16:17:51.362+09:00  INFO 32132 --- [farmlog-api] [    Test worker] r$InitializeUserDetailsManagerConfigurer : Global AuthenticationManager configured with UserDetailsService bean with name inMemoryUserDetailsManager
2026-07-20T16:17:51.422+09:00 DEBUG 32132 --- [farmlog-api] [    Test worker] o.s.s.web.DefaultSecurityFilterChain     : Will secure any request with filters: DisableEncodeUrlFilter, WebAsyncManagerIntegrationFilter, SecurityContextHolderFilter, HeaderWriterFilter, LogoutFilter, JwtAuthenticationFilter, RequestCacheAwareFilter, SecurityContextHolderAwareRequestFilter, AnonymousAuthenticationFilter, SessionManagementFilter, ExceptionTranslationFilter, AuthorizationFilter
2026-07-20T16:17:51.468+09:00 DEBUG 32132 --- [farmlog-api] [    Test worker] c.f.c.security.JwtAuthenticationFilter   : Filter 'jwtAuthenticationFilter' configured for use
2026-07-20T16:17:51.469+09:00  INFO 32132 --- [farmlog-api] [    Test worker] o.s.b.t.m.w.SpringBootMockServletContext : Initializing Spring TestDispatcherServlet ''
2026-07-20T16:17:51.469+09:00  INFO 32132 --- [farmlog-api] [    Test worker] o.s.t.web.servlet.TestDispatcherServlet  : Initializing Servlet ''
2026-07-20T16:17:51.470+09:00  INFO 32132 --- [farmlog-api] [    Test worker] o.s.t.web.servlet.TestDispatcherServlet  : Completed initialization in 1 ms
2026-07-20T16:17:51.477+09:00  INFO 32132 --- [farmlog-api] [    Test worker] c.f.records.RecordControllerWebTest      : Started RecordControllerWebTest in 0.774 seconds (process running for 13.325)
2026-07-20T16:17:51.489+09:00 DEBUG 32132 --- [farmlog-api] [    Test worker] o.s.security.web.FilterChainProxy        : Securing GET /farms/1/work-logs
2026-07-20T16:17:51.490+09:00 DEBUG 32132 --- [farmlog-api] [    Test worker] o.s.security.web.FilterChainProxy        : Secured GET /farms/1/work-logs
2026-07-20T16:17:51.509+09:00 DEBUG 32132 --- [farmlog-api] [    Test worker] o.s.security.web.FilterChainProxy        : Securing GET /farms/1/records?types=WORK,SALES
2026-07-20T16:17:51.510+09:00 DEBUG 32132 --- [farmlog-api] [    Test worker] o.s.security.web.FilterChainProxy        : Secured GET /farms/1/records?types=WORK,SALES
2026-07-20T16:17:51.531+09:00 DEBUG 32132 --- [farmlog-api] [    Test worker] o.s.security.web.FilterChainProxy        : Securing GET /farms/1/record-authors
2026-07-20T16:17:51.532+09:00 DEBUG 32132 --- [farmlog-api] [    Test worker] o.s.security.web.FilterChainProxy        : Secured GET /farms/1/record-authors
2026-07-20T16:17:51.540+09:00 DEBUG 32132 --- [farmlog-api] [    Test worker] o.s.security.web.FilterChainProxy        : Securing POST /farms/1/sales-logs
2026-07-20T16:17:51.541+09:00 DEBUG 32132 --- [farmlog-api] [    Test worker] o.s.security.web.FilterChainProxy        : Secured POST /farms/1/sales-logs
2026-07-20T16:17:51.557+09:00 DEBUG 32132 --- [farmlog-api] [    Test worker] o.s.security.web.FilterChainProxy        : Securing DELETE /farms/1/harvest-logs/8
2026-07-20T16:17:51.558+09:00 DEBUG 32132 --- [farmlog-api] [    Test worker] o.s.security.web.FilterChainProxy        : Secured DELETE /farms/1/harvest-logs/8
2026-07-20T16:17:51.562+09:00  WARN 32132 --- [farmlog-api] [    Test worker] c.f.c.exception.GlobalExceptionHandler   : [511d6b73-4360-4976-bd25-055ec1f970ff] malformed request on DELETE /farms/1/harvest-logs/8: Required request parameter 'version' for method parameter type Long is not present
2026-07-20T16:17:51.566+09:00 DEBUG 32132 --- [farmlog-api] [    Test worker] o.s.security.web.FilterChainProxy        : Securing DELETE /farms/1/harvest-logs/8?version=3
2026-07-20T16:17:51.568+09:00 DEBUG 32132 --- [farmlog-api] [    Test worker] o.s.security.web.FilterChainProxy        : Secured DELETE /farms/1/harvest-logs/8?version=3
2026-07-20T16:17:51.578+09:00 DEBUG 32132 --- [farmlog-api] [    Test worker] o.s.security.web.FilterChainProxy        : Securing PATCH /farms/1/work-logs/bulk
2026-07-20T16:17:51.579+09:00 DEBUG 32132 --- [farmlog-api] [    Test worker] o.s.security.web.FilterChainProxy        : Secured PATCH /farms/1/work-logs/bulk
2026-07-20T16:17:51.624+09:00 DEBUG 32132 --- [farmlog-api] [    Test worker] o.s.security.web.FilterChainProxy        : Securing PATCH /farms/1/work-logs/bulk
2026-07-20T16:17:51.625+09:00 DEBUG 32132 --- [farmlog-api] [    Test worker] o.s.security.web.FilterChainProxy        : Secured PATCH /farms/1/work-logs/bulk
2026-07-20T16:17:51.629+09:00  WARN 32132 --- [farmlog-api] [    Test worker] c.f.c.exception.GlobalExceptionHandler   : [18687c0c-aef5-469d-80e1-d659b714fd26] validation failed on PATCH /farms/1/work-logs/bulk: must not be empty
2026-07-20T16:17:51.635+09:00 DEBUG 32132 --- [farmlog-api] [    Test worker] o.s.security.web.FilterChainProxy        : Securing GET /farms/1/work-logs/5
2026-07-20T16:17:51.637+09:00 DEBUG 32132 --- [farmlog-api] [    Test worker] o.s.security.web.FilterChainProxy        : Secured GET /farms/1/work-logs/5
2026-07-20T16:17:51.645+09:00 DEBUG 32132 --- [farmlog-api] [    Test worker] o.s.security.web.FilterChainProxy        : Securing GET /farms/1/sales-logs?settlementStatus=SETTLED
2026-07-20T16:17:51.646+09:00 DEBUG 32132 --- [farmlog-api] [    Test worker] o.s.security.web.FilterChainProxy        : Secured GET /farms/1/sales-logs?settlementStatus=SETTLED
2026-07-20T16:17:51.649+09:00  WARN 32132 --- [farmlog-api] [    Test worker] c.f.c.exception.GlobalExceptionHandler   : [b98df439-443f-44c0-a81c-ecf779902927] business exception on GET /farms/1/sales-logs: 정산 상태는 PENDING 또는 DONE입니다.
2026-07-20T16:17:51.656+09:00 DEBUG 32132 --- [farmlog-api] [    Test worker] o.s.security.web.FilterChainProxy        : Securing GET /farms/1/work-logs
2026-07-20T16:17:51.656+09:00 DEBUG 32132 --- [farmlog-api] [    Test worker] o.s.s.w.a.AnonymousAuthenticationFilter  : Set SecurityContextHolder to anonymous SecurityContext
2026-07-20T16:17:51.658+09:00 DEBUG 32132 --- [farmlog-api] [    Test worker] o.s.security.web.FilterChainProxy        : Securing GET /farms/1/records
2026-07-20T16:17:51.658+09:00 DEBUG 32132 --- [farmlog-api] [    Test worker] o.s.s.w.a.AnonymousAuthenticationFilter  : Set SecurityContextHolder to anonymous SecurityContext
2026-07-20T16:17:51.660+09:00 DEBUG 32132 --- [farmlog-api] [    Test worker] o.s.security.web.FilterChainProxy        : Securing GET /farms/1/record-authors
2026-07-20T16:17:51.661+09:00 DEBUG 32132 --- [farmlog-api] [    Test worker] o.s.s.w.a.AnonymousAuthenticationFilter  : Set SecurityContextHolder to anonymous SecurityContext
]]></system-out>
  <system-err><![CDATA[]]></system-err>
</testsuite>
