<?xml version="1.0" encoding="UTF-8"?>
<testsuite name="com.farmlog.records.RecordServiceTest" tests="14" skipped="0" failures="0" errors="0" timestamp="2026-07-20T07:17:51.856Z" hostname="DESKTOP-D0KHPJK" time="0.063">
  <properties/>
  <testcase name="bulkChecksEveryVersionBeforeStartingWrites()" classname="com.farmlog.records.RecordServiceTest" time="0.008"/>
  <testcase name="explicitNullCropOrVarietyCannotBeSilentlyRestoredFromRemainingSeason()" classname="com.farmlog.records.RecordServiceTest" time="0.005"/>
  <testcase name="workerCanMutateOnlyOwnRecord()" classname="com.farmlog.records.RecordServiceTest" time="0.004"/>
  <testcase name="clearingSeasonDoesNotRevalidateUnchangedInactiveCropAndVariety()" classname="com.farmlog.records.RecordServiceTest" time="0.004"/>
  <testcase name="unchangedInactiveReferencesRemainValidOnPatch()" classname="com.farmlog.records.RecordServiceTest" time="0.002"/>
  <testcase name="componentPatchPreservesExistingManualNetAmountWhenOverrideIsOmitted()" classname="com.farmlog.records.RecordServiceTest" time="0.002"/>
  <testcase name="recordAuthorsIncludesHistoricalUsersAfterMembershipCheck()" classname="com.farmlog.records.RecordServiceTest" time="0.003"/>
  <testcase name="repeatedClientRequestReturnsExistingRecordWithoutAnotherInsert()" classname="com.farmlog.records.RecordServiceTest" time="0.002"/>
  <testcase name="careManagerCreateLocksCurrentAssignmentAndForcesProvenance()" classname="com.farmlog.records.RecordServiceTest" time="0.006"/>
  <testcase name="rejectsCrossDomainFieldsAndImmutableClientRequestIdOnPatch()" classname="com.farmlog.records.RecordServiceTest" time="0.004"/>
  <testcase name="careManagerCannotCreatePhaseFourRecords()" classname="com.farmlog.records.RecordServiceTest" time="0.002"/>
  <testcase name="concurrentDuplicateClientRequestReturnsWinningInsert()" classname="com.farmlog.records.RecordServiceTest" time="0.002"/>
  <testcase name="bulkAllowlistRejectsPackageAndSalesPresentationFields()" classname="com.farmlog.records.RecordServiceTest" time="0.005"/>
  <testcase name="explicitNetAmountIsManualEvenWhenItEqualsCalculatedAmount()" classname="com.farmlog.records.RecordServiceTest" time="0.005"/>
  <system-out><![CDATA[]]></system-out>
  <system-err><![CDATA[]]></system-err>
</testsuite>
