<?xml version="1.0" encoding="UTF-8"?>
<testsuite name="com.farmlog.organizationdashboard.OrganizationAccessGuardTest" tests="2" skipped="0" failures="0" errors="0" timestamp="2026-07-20T07:17:50.334Z" hostname="DESKTOP-D0KHPJK" time="0.053">
  <properties/>
  <testcase name="unauthorizedOrganizationIsHiddenAsNotFound()" classname="com.farmlog.organizationdashboard.OrganizationAccessGuardTest" time="0.052"/>
  <testcase name="exactActiveOrgAdminIsReturned()" classname="com.farmlog.organizationdashboard.OrganizationAccessGuardTest" time="0.001"/>
  <system-out><![CDATA[]]></system-out>
  <system-err><![CDATA[]]></system-err>
</testsuite>
