<?xml version="1.0" encoding="UTF-8"?>
<testsuite name="com.farmlog.masterdata.NullablePatchRequestTest" tests="2" skipped="0" failures="0" errors="0" timestamp="2026-07-20T07:17:50.324Z" hostname="DESKTOP-D0KHPJK" time="0.009">
  <properties/>
  <testcase name="cropSeason_distinguishesMissingFromExplicitNull()" classname="com.farmlog.masterdata.NullablePatchRequestTest" time="0.006"/>
  <testcase name="customerAndMaterial_distinguishNullableFields()" classname="com.farmlog.masterdata.NullablePatchRequestTest" time="0.001"/>
  <system-out><![CDATA[]]></system-out>
  <system-err><![CDATA[]]></system-err>
</testsuite>
