<?xml version="1.0" encoding="UTF-8"?>
<testsuite name="com.farmlog.masterdata.MasterDataControllerWebTest" tests="7" skipped="0" failures="0" errors="0" timestamp="2026-07-20T07:17:49.176Z" hostname="DESKTOP-D0KHPJK" time="1.016">
  <properties/>
  <testcase name="nullablePatchJsonPreservesExplicitNullPresence()" classname="com.farmlog.masterdata.MasterDataControllerWebTest" time="0.018"/>
  <testcase name="cropSeasonDeleteIsSoftDeleteServiceContractAndReturns204()" classname="com.farmlog.masterdata.MasterDataControllerWebTest" time="0.007"/>
  <testcase name="invalidCreatePayloadReturns400()" classname="com.farmlog.masterdata.MasterDataControllerWebTest" time="0.051"/>
  <testcase name="cropListDefaultsToActiveOnlyAndCreateReturns201()" classname="com.farmlog.masterdata.MasterDataControllerWebTest" time="0.025"/>
  <testcase name="deactivateAndCompleteReturnUpdatedBodyWith200()" classname="com.farmlog.masterdata.MasterDataControllerWebTest" time="0.016"/>
  <testcase name="templatePreviewAndApplyExposeStableCountsShape()" classname="com.farmlog.masterdata.MasterDataControllerWebTest" time="0.018"/>
  <testcase name="everyMasterDataEndpointRequiresAuthentication()" classname="com.farmlog.masterdata.MasterDataControllerWebTest" time="0.007"/>
  <system-out><![CDATA[2026-07-20T16:17:49.179+09:00  INFO 32132 --- [farmlog-api] [    Test worker] t.c.s.AnnotationConfigContextLoaderUtils : Could not detect default configuration classes for test class [com.farmlog.masterdata.MasterDataControllerWebTest]: MasterDataControllerWebTest does not declare any static, non-private, non-final, nested classes annotated with @Configuration.
2026-07-20T16:17:49.232+09:00  INFO 32132 --- [farmlog-api] [    Test worker] .b.t.c.SpringBootTestContextBootstrapper : Found @SpringBootConfiguration com.farmlog.FarmlogApiApplication for test class com.farmlog.masterdata.MasterDataControllerWebTest

  .   ____          _            __ _ _
 /\\ / ___'_ __ _ _(_)_ __  __ _ \ \ \ \
( ( )\___ | '_ | '_| | '_ \/ _` | \ \ \ \
 \\/  ___)| |_)| | | | | || (_| |  ) ) ) )
  '  |____| .__|_| |_|_| |_\__, | / / / /
 =========|_|==============|___/=/_/_/_/

 :: Spring Boot ::                (v3.3.5)

2026-07-20T16:17:49.265+09:00  INFO 32132 --- [farmlog-api] [    Test worker] c.f.m.MasterDataControllerWebTest        : Starting MasterDataControllerWebTest using Java 17.0.16 with PID 32132 (started by dong in C:\Users\dong\Desktop\Company\project\파밍로그\app\backend)
2026-07-20T16:17:49.265+09:00 DEBUG 32132 --- [farmlog-api] [    Test worker] c.f.m.MasterDataControllerWebTest        : Running with Spring Boot v3.3.5, Spring v6.1.14
2026-07-20T16:17:49.265+09:00  INFO 32132 --- [farmlog-api] [    Test worker] c.f.m.MasterDataControllerWebTest        : The following 1 profile is active: "local"
2026-07-20T16:17:49.933+09:00  WARN 32132 --- [farmlog-api] [    Test worker] .s.s.UserDetailsServiceAutoConfiguration : 

Using generated security password: e843afc1-38bd-44e4-b7dc-cf539b65e084

This generated password is for development use only. Your security configuration must be updated before running your application in production.

2026-07-20T16:17:49.934+09:00  INFO 32132 --- [farmlog-api] [    Test worker] r$InitializeUserDetailsManagerConfigurer : Global AuthenticationManager configured with UserDetailsService bean with name inMemoryUserDetailsManager
2026-07-20T16:17:49.989+09:00 DEBUG 32132 --- [farmlog-api] [    Test worker] o.s.s.web.DefaultSecurityFilterChain     : Will secure any request with filters: DisableEncodeUrlFilter, WebAsyncManagerIntegrationFilter, SecurityContextHolderFilter, HeaderWriterFilter, LogoutFilter, JwtAuthenticationFilter, RequestCacheAwareFilter, SecurityContextHolderAwareRequestFilter, AnonymousAuthenticationFilter, SessionManagementFilter, ExceptionTranslationFilter, AuthorizationFilter
2026-07-20T16:17:50.033+09:00 DEBUG 32132 --- [farmlog-api] [    Test worker] c.f.c.security.JwtAuthenticationFilter   : Filter 'jwtAuthenticationFilter' configured for use
2026-07-20T16:17:50.034+09:00  INFO 32132 --- [farmlog-api] [    Test worker] o.s.b.t.m.w.SpringBootMockServletContext : Initializing Spring TestDispatcherServlet ''
2026-07-20T16:17:50.034+09:00  INFO 32132 --- [farmlog-api] [    Test worker] o.s.t.web.servlet.TestDispatcherServlet  : Initializing Servlet ''
2026-07-20T16:17:50.034+09:00  INFO 32132 --- [farmlog-api] [    Test worker] o.s.t.web.servlet.TestDispatcherServlet  : Completed initialization in 0 ms
2026-07-20T16:17:50.041+09:00  INFO 32132 --- [farmlog-api] [    Test worker] c.f.m.MasterDataControllerWebTest        : Started MasterDataControllerWebTest in 0.804 seconds (process running for 11.889)
2026-07-20T16:17:50.049+09:00 DEBUG 32132 --- [farmlog-api] [    Test worker] o.s.security.web.FilterChainProxy        : Securing PATCH /farms/1/customers/8
2026-07-20T16:17:50.050+09:00 DEBUG 32132 --- [farmlog-api] [    Test worker] o.s.security.web.FilterChainProxy        : Secured PATCH /farms/1/customers/8
2026-07-20T16:17:50.065+09:00 DEBUG 32132 --- [farmlog-api] [    Test worker] o.s.security.web.FilterChainProxy        : Securing DELETE /farms/1/crop-seasons/5
2026-07-20T16:17:50.066+09:00 DEBUG 32132 --- [farmlog-api] [    Test worker] o.s.security.web.FilterChainProxy        : Secured DELETE /farms/1/crop-seasons/5
2026-07-20T16:17:50.073+09:00 DEBUG 32132 --- [farmlog-api] [    Test worker] o.s.security.web.FilterChainProxy        : Securing POST /farms/1/materials
2026-07-20T16:17:50.074+09:00 DEBUG 32132 --- [farmlog-api] [    Test worker] o.s.security.web.FilterChainProxy        : Secured POST /farms/1/materials
2026-07-20T16:17:50.119+09:00  WARN 32132 --- [farmlog-api] [    Test worker] c.f.c.exception.GlobalExceptionHandler   : [8ce3bc3d-e678-4ab0-97e4-ea57066f9fce] validation failed on POST /farms/1/materials: must not be blank
2026-07-20T16:17:50.125+09:00 DEBUG 32132 --- [farmlog-api] [    Test worker] o.s.security.web.FilterChainProxy        : Securing GET /farms/1/crops
2026-07-20T16:17:50.126+09:00 DEBUG 32132 --- [farmlog-api] [    Test worker] o.s.security.web.FilterChainProxy        : Secured GET /farms/1/crops
2026-07-20T16:17:50.132+09:00 DEBUG 32132 --- [farmlog-api] [    Test worker] o.s.security.web.FilterChainProxy        : Securing POST /farms/1/crops
2026-07-20T16:17:50.133+09:00 DEBUG 32132 --- [farmlog-api] [    Test worker] o.s.security.web.FilterChainProxy        : Secured POST /farms/1/crops
2026-07-20T16:17:50.151+09:00 DEBUG 32132 --- [farmlog-api] [    Test worker] o.s.security.web.FilterChainProxy        : Securing PATCH /farms/1/work-types/9/deactivate
2026-07-20T16:17:50.152+09:00 DEBUG 32132 --- [farmlog-api] [    Test worker] o.s.security.web.FilterChainProxy        : Secured PATCH /farms/1/work-types/9/deactivate
2026-07-20T16:17:50.157+09:00 DEBUG 32132 --- [farmlog-api] [    Test worker] o.s.security.web.FilterChainProxy        : Securing PATCH /farms/1/crop-seasons/5/complete
2026-07-20T16:17:50.158+09:00 DEBUG 32132 --- [farmlog-api] [    Test worker] o.s.security.web.FilterChainProxy        : Secured PATCH /farms/1/crop-seasons/5/complete
2026-07-20T16:17:50.169+09:00 DEBUG 32132 --- [farmlog-api] [    Test worker] o.s.security.web.FilterChainProxy        : Securing GET /master-data/templates/STRAWBERRY
2026-07-20T16:17:50.170+09:00 DEBUG 32132 --- [farmlog-api] [    Test worker] o.s.security.web.FilterChainProxy        : Secured GET /master-data/templates/STRAWBERRY
2026-07-20T16:17:50.177+09:00 DEBUG 32132 --- [farmlog-api] [    Test worker] o.s.security.web.FilterChainProxy        : Securing POST /farms/1/master-data/templates/STRAWBERRY/apply
2026-07-20T16:17:50.179+09:00 DEBUG 32132 --- [farmlog-api] [    Test worker] o.s.security.web.FilterChainProxy        : Secured POST /farms/1/master-data/templates/STRAWBERRY/apply
2026-07-20T16:17:50.186+09:00 DEBUG 32132 --- [farmlog-api] [    Test worker] o.s.security.web.FilterChainProxy        : Securing GET /master-data/templates/STRAWBERRY
2026-07-20T16:17:50.186+09:00 DEBUG 32132 --- [farmlog-api] [    Test worker] o.s.s.w.a.AnonymousAuthenticationFilter  : Set SecurityContextHolder to anonymous SecurityContext
2026-07-20T16:17:50.187+09:00 DEBUG 32132 --- [farmlog-api] [    Test worker] o.s.security.web.FilterChainProxy        : Securing GET /farms/1/crops
2026-07-20T16:17:50.188+09:00 DEBUG 32132 --- [farmlog-api] [    Test worker] o.s.s.w.a.AnonymousAuthenticationFilter  : Set SecurityContextHolder to anonymous SecurityContext
]]></system-out>
  <system-err><![CDATA[]]></system-err>
</testsuite>
