<?xml version="1.0" encoding="UTF-8"?>
<testsuite name="com.farmlog.admin.Phase7MapperContractTest" tests="3" skipped="0" failures="0" errors="0" timestamp="2026-07-20T07:17:41.076Z" hostname="DESKTOP-D0KHPJK" time="0.016">
  <properties/>
  <testcase name="systemAdminCapabilityRequiresActiveSystemOrganizationAndMembership()" classname="com.farmlog.admin.Phase7MapperContractTest" time="0.007"/>
  <testcase name="schemaAndExistingDatabaseMigrationContainAuditCreatedIdIndex()" classname="com.farmlog.admin.Phase7MapperContractTest" time="0.005"/>
  <testcase name="adminQueriesHaveExactFiltersStableTieBreakersAndSingleAuditTarget()" classname="com.farmlog.admin.Phase7MapperContractTest" time="0.001"/>
  <system-out><![CDATA[]]></system-out>
  <system-err><![CDATA[]]></system-err>
</testsuite>
