<?xml version="1.0" encoding="UTF-8"?>
<testsuite name="com.farmlog.attachment.AttachmentServiceTest" tests="5" skipped="0" failures="0" errors="0" timestamp="2026-07-20T07:17:41.099Z" hostname="DESKTOP-D0KHPJK" time="0.385">
  <properties/>
  <testcase name="genericDownloadRejectsExportFiles()" classname="com.farmlog.attachment.AttachmentServiceTest" time="0.34"/>
  <testcase name="careRecordUploadLocksCurrentAssignmentBeforeMutation()" classname="com.farmlog.attachment.AttachmentServiceTest" time="0.013"/>
  <testcase name="promotedFileIsCompensatedWhenDatabaseInsertFails()" classname="com.farmlog.attachment.AttachmentServiceTest" time="0.019"/>
  <testcase name="careBatchIsBoundToCurrentAssignment()" classname="com.farmlog.attachment.AttachmentServiceTest" time="0.005"/>
  <testcase name="committedBatchRequiresSameCommitRequestId()" classname="com.farmlog.attachment.AttachmentServiceTest" time="0.004"/>
  <system-out><![CDATA[]]></system-out>
  <system-err><![CDATA[]]></system-err>
</testsuite>
