<?xml version="1.0" encoding="UTF-8"?>
<testsuite name="com.farmlog.organizationdashboard.OrganizationDashboardMapperContractTest" tests="5" skipped="0" failures="0" errors="0" timestamp="2026-07-20T07:17:50.387Z" hostname="DESKTOP-D0KHPJK" time="0.093">
  <properties/>
  <testcase name="accessQueryAllowsOnlyCurrentExactOrgAdmin()" classname="com.farmlog.organizationdashboard.OrganizationDashboardMapperContractTest" time="0.001"/>
  <testcase name="detailBoundSqlPlacesCountColumnsBeforeFarmFromClause()" classname="com.farmlog.organizationdashboard.OrganizationDashboardMapperContractTest" time="0.022"/>
  <testcase name="organizationScopeIncludesDeletedFilterButNotLifecycleAndMetricsAreBatchQueries()" classname="com.farmlog.organizationdashboard.OrganizationDashboardMapperContractTest" time="0.001"/>
  <testcase name="pageFiltersDataBeforeLimitAndUsesDeterministicMainCropAndTieBreaker()" classname="com.farmlog.organizationdashboard.OrganizationDashboardMapperContractTest" time="0.067"/>
  <testcase name="dtoAndAuditContractExcludeRawOperationalAndPersonalFields()" classname="com.farmlog.organizationdashboard.OrganizationDashboardMapperContractTest" time="0.001"/>
  <system-out><![CDATA[]]></system-out>
  <system-err><![CDATA[]]></system-err>
</testsuite>
