<?xml version="1.0" encoding="UTF-8"?>
<testsuite name="com.farmlog.export.ExportServiceTest" tests="4" skipped="0" failures="0" errors="0" timestamp="2026-07-20T07:17:47.384Z" hostname="DESKTOP-D0KHPJK" time="0.062">
  <properties/>
  <testcase name="responseDerivesExpiredStatusAtRetentionBoundary()" classname="com.farmlog.export.ExportServiceTest" time="0.032"/>
  <testcase name="downloadAuditUsesActualDownloader()" classname="com.farmlog.export.ExportServiceTest" time="0.009"/>
  <testcase name="missingPhysicalFileTransitionsJobAndAttachmentToExpired()" classname="com.farmlog.export.ExportServiceTest" time="0.007"/>
  <testcase name="duplicateInsertUsesCurrentRead()" classname="com.farmlog.export.ExportServiceTest" time="0.013"/>
  <system-out><![CDATA[]]></system-out>
  <system-err><![CDATA[]]></system-err>
</testsuite>
