<?xml version="1.0" encoding="UTF-8"?>
<testsuite name="com.farmlog.masterdata.MasterDataMapperContractTest" tests="4" skipped="0" failures="0" errors="0" timestamp="2026-07-20T07:17:50.193Z" hostname="DESKTOP-D0KHPJK" time="0.031">
  <properties/>
  <testcase name="mapperXml_parsesAndScopesEveryResourceMutationToFarm()" classname="com.farmlog.masterdata.MasterDataMapperContractTest" time="0.024"/>
  <testcase name="schema_containsImmutableCatalogLinksAndLocalUniqueness()" classname="com.farmlog.masterdata.MasterDataMapperContractTest" time="0.002"/>
  <testcase name="seedData_isUtf8AndTypoWasRemoved()" classname="com.farmlog.masterdata.MasterDataMapperContractTest" time="0.001"/>
  <testcase name="migrationStatementsExposeAffectedRowCount()" classname="com.farmlog.masterdata.MasterDataMapperContractTest" time="0.004"/>
  <system-out><![CDATA[]]></system-out>
  <system-err><![CDATA[]]></system-err>
</testsuite>
