<?xml version="1.0" encoding="UTF-8"?>
<testsuite name="com.farmlog.attachment.ImageValidatorTest" tests="3" skipped="0" failures="0" errors="0" timestamp="2026-07-20T07:17:41.533Z" hostname="DESKTOP-D0KHPJK" time="0.117">
  <properties/>
  <testcase name="acceptsDecodedJpegAndPng()" classname="com.farmlog.attachment.ImageValidatorTest" time="0.084"/>
  <testcase name="acceptsDecodedWebpWhenPluginIsInstalled()" classname="com.farmlog.attachment.ImageValidatorTest" time="0.024"/>
  <testcase name="rejectsMimeSpoofAndOversizedHeaderBeforeDecode()" classname="com.farmlog.attachment.ImageValidatorTest" time="0.007"/>
  <system-out><![CDATA[]]></system-out>
  <system-err><![CDATA[]]></system-err>
</testsuite>
