<?xml version="1.0" encoding="UTF-8"?>
<testsuite name="com.farmlog.export.ExportMapperContractTest" tests="2" skipped="0" failures="0" errors="0" timestamp="2026-07-20T07:17:47.378Z" hostname="DESKTOP-D0KHPJK" time="0.003">
  <properties/>
  <testcase name="mapperContainsTenantFiltersCurrentReadsAndClaimGuards()" classname="com.farmlog.export.ExportMapperContractTest" time="0.002"/>
  <testcase name="freshSchemaAndMigrationRequireClientRequestId()" classname="com.farmlog.export.ExportMapperContractTest" time="0.001"/>
  <system-out><![CDATA[]]></system-out>
  <system-err><![CDATA[]]></system-err>
</testsuite>
