<?xml version="1.0" encoding="UTF-8"?>
<testsuite name="com.farmlog.export.ExportJobCoordinatorTest" tests="4" skipped="0" failures="0" errors="0" timestamp="2026-07-20T07:17:47.366Z" hostname="DESKTOP-D0KHPJK" time="0.011">
  <properties/>
  <testcase name="completionIsGuardedByClaimToken()" classname="com.farmlog.export.ExportJobCoordinatorTest" time="0.002"/>
  <testcase name="exhaustedStaleJobIsFailedBeforeClaimingAnotherJob()" classname="com.farmlog.export.ExportJobCoordinatorTest" time="0.006"/>
  <testcase name="heartbeatRejectsStaleClaim()" classname="com.farmlog.export.ExportJobCoordinatorTest" time="0.002"/>
  <testcase name="claimAssignsFreshTokenAndReturnsWorkerSnapshot()" classname="com.farmlog.export.ExportJobCoordinatorTest" time="0.001"/>
  <system-out><![CDATA[]]></system-out>
  <system-err><![CDATA[]]></system-err>
</testsuite>
