<?xml version="1.0" encoding="UTF-8"?>
<testsuite name="com.farmlog.export.ExportFileGeneratorTest" tests="4" skipped="0" failures="0" errors="0" timestamp="2026-07-20T07:17:45.890Z" hostname="DESKTOP-D0KHPJK" time="1.475">
  <properties/>
  <testcase name="streamingBudgetRejectsRowsInsertedAfterPreflightCount()" classname="com.farmlog.export.ExportFileGeneratorTest" time="0.005"/>
  <testcase name="summaryOnlyPdfEmbedsBundledKoreanFontAndHeartbeatsClaim()" classname="com.farmlog.export.ExportFileGeneratorTest" time="0.726"/>
  <testcase name="generationRechecksRowLimitAfterRequestWasQueued()" classname="com.farmlog.export.ExportFileGeneratorTest" time="0.006"/>
  <testcase name="summaryOnlyXlsxIsPublishedAndHeartbeatsClaim()" classname="com.farmlog.export.ExportFileGeneratorTest" time="0.737"/>
  <system-out><![CDATA[2026-07-20T16:17:46.495+09:00  WARN 32132 --- [farmlog-api] [    Test worker] org.apache.fontbox.ttf.CmapSubtable      : Format 14 cmap table is not supported and will be ignored
]]></system-out>
  <system-err><![CDATA[com.openhtmltopdf.load INFO:: SAX XMLReader in use (parser): com.sun.org.apache.xerces.internal.jaxp.SAXParserImpl$JAXPSAXParser
com.openhtmltopdf.load INFO:: SAX XMLReader in use (parser): com.sun.org.apache.xerces.internal.jaxp.SAXParserImpl$JAXPSAXParser
com.openhtmltopdf.load INFO:: Loaded document in ~12ms
com.openhtmltopdf.css-parse WARNING:: (null#inline_style_1) overflow-wrap is an unrecognized CSS property at line 0. Ignoring declaration.
com.openhtmltopdf.load INFO:: TIME: parse stylesheets 67ms
com.openhtmltopdf.match INFO:: media = print
com.openhtmltopdf.match INFO:: Matcher created with 167 selectors
com.openhtmltopdf.load INFO:: Loading font(Noto Sans KR) from InputStream supplier now.
com.openhtmltopdf.general INFO:: Using fast-mode renderer. Prepare to fly.
]]></system-err>
</testsuite>
