<?xml version="1.0" encoding="UTF-8"?>
<testsuite name="com.farmlog.user.UserServiceTest" tests="7" skipped="0" failures="0" errors="0" timestamp="2026-07-20T07:17:54.761Z" hostname="DESKTOP-D0KHPJK" time="0.104">
  <properties/>
  <testcase name="getMyPreferences_noRowYet_returnsDefaultStandardScale()" classname="com.farmlog.user.UserServiceTest" time="0.076"/>
  <testcase name="concurrentFirstInsertRetriesAsUpdateWithoutLosingLastFarm()" classname="com.farmlog.user.UserServiceTest" time="0.006"/>
  <testcase name="updateMyPreferences_existingRow_updatesInPlace()" classname="com.farmlog.user.UserServiceTest" time="0.003"/>
  <testcase name="updateMyPreferences_noRowYet_insertsNewRow()" classname="com.farmlog.user.UserServiceTest" time="0.001"/>
  <testcase name="accessContextSeparatesSystemRolesFromOrganizations()" classname="com.farmlog.user.UserServiceTest" time="0.003"/>
  <testcase name="preferenceValidationAlsoAppliesWhenServiceIsCalledDirectly()" classname="com.farmlog.user.UserServiceTest" time="0.004"/>
  <testcase name="getMyProfile_unknownUser_throwsUserNotFound()" classname="com.farmlog.user.UserServiceTest" time="0.004"/>
  <system-out><![CDATA[]]></system-out>
  <system-err><![CDATA[]]></system-err>
</testsuite>
