<?xml version="1.0" encoding="UTF-8"?>
<testsuite name="com.farmlog.database.SchemaCommentContractTest" tests="3" skipped="0" failures="0" errors="0" timestamp="2026-07-20T07:17:45.869Z" hostname="DESKTOP-D0KHPJK" time="0.02">
  <properties/>
  <testcase name="generatedColumnAndTableOptionsKeepMariaDbCommentOrder()" classname="com.farmlog.database.SchemaCommentContractTest" time="0.001"/>
  <testcase name="everyTableAndPhysicalColumnHasOneKoreanComment()" classname="com.farmlog.database.SchemaCommentContractTest" time="0.014"/>
  <testcase name="removingOnlyCommentsRestoresTheReviewedDdlSignature()" classname="com.farmlog.database.SchemaCommentContractTest" time="0.004"/>
  <system-out><![CDATA[]]></system-out>
  <system-err><![CDATA[]]></system-err>
</testsuite>
