<?xml version="1.0" encoding="UTF-8"?>
<testsuite name="com.farmlog.masterdata.MasterDataServiceTest" tests="15" skipped="0" failures="0" errors="0" timestamp="2026-07-20T07:17:50.225Z" hostname="DESKTOP-D0KHPJK" time="0.099">
  <properties/>
  <testcase name="cropSeasonRejectsEndBeforeStart()" classname="com.farmlog.masterdata.MasterDataServiceTest" time="0.062"/>
  <testcase name="cropRenameCanReuseItsPreviouslyInactiveCatalogLink()" classname="com.farmlog.masterdata.MasterDataServiceTest" time="0.002"/>
  <testcase name="crossFarmResourceIsReportedAsNotFound()" classname="com.farmlog.masterdata.MasterDataServiceTest" time="0.002"/>
  <testcase name="listUsesMemberGuardAndDefaultsCanHideInactive()" classname="com.farmlog.masterdata.MasterDataServiceTest" time="0.01"/>
  <testcase name="cropSeasonNameOnlyPatchKeepsExistingInactiveCatalogSelection()" classname="com.farmlog.masterdata.MasterDataServiceTest" time="0.002"/>
  <testcase name="cropSeasonSameSelectionPatchDoesNotRevalidateInactiveLinks()" classname="com.farmlog.masterdata.MasterDataServiceTest" time="0.002"/>
  <testcase name="nullableCustomerPatchCanClearPhoneAndMemo()" classname="com.farmlog.masterdata.MasterDataServiceTest" time="0.002"/>
  <testcase name="templateReuseReturnsStableCountsAndReactivatesLocalRows()" classname="com.farmlog.masterdata.MasterDataServiceTest" time="0.003"/>
  <testcase name="cropSeasonActualSelectionChangeRequiresActiveFarmLinks()" classname="com.farmlog.masterdata.MasterDataServiceTest" time="0.002"/>
  <testcase name="cropSeasonDeleteKeepsRowAndUsesSoftDelete()" classname="com.farmlog.masterdata.MasterDataServiceTest" time="0.001"/>
  <testcase name="varietyRenameMigratesOnlyActiveSeasonReferencesThroughScopedMapper()" classname="com.farmlog.masterdata.MasterDataServiceTest" time="0.001"/>
  <testcase name="completedSeasonCannotBeMutatedAndCompletionIsIdempotent()" classname="com.farmlog.masterdata.MasterDataServiceTest" time="0.002"/>
  <testcase name="mutationRequiresOwnerOrManager()" classname="com.farmlog.masterdata.MasterDataServiceTest" time="0.001"/>
  <testcase name="unchangedTemplateDoesNotIncreaseStructureVersion()" classname="com.farmlog.masterdata.MasterDataServiceTest" time="0.002"/>
  <testcase name="cropRenameUsesCopyOnWriteAndPreservesOldCatalog()" classname="com.farmlog.masterdata.MasterDataServiceTest" time="0.002"/>
  <system-out><![CDATA[]]></system-out>
  <system-err><![CDATA[]]></system-err>
</testsuite>
