<?xml version="1.0" encoding="UTF-8"?>
<testsuite name="com.farmlog.admin.AdminServiceTest" tests="5" skipped="0" failures="0" errors="0" timestamp="2026-07-20T07:17:40.443Z" hostname="DESKTOP-D0KHPJK" time="0.631">
  <properties/>
  <testcase name="rejectedGuardDoesNotTouchAdminData()" classname="com.farmlog.admin.AdminServiceTest" time="0.483"/>
  <testcase name="abbreviatedIpv6NeverExposesTheFullAddress()" classname="com.farmlog.admin.AdminServiceTest" time="0.012"/>
  <testcase name="invalidSortFailsBeforeQueryOrAudit()" classname="com.farmlog.admin.AdminServiceTest" time="0.004"/>
  <testcase name="auditLogsRecursivelyMaskSensitiveDetailAndIp()" classname="com.farmlog.admin.AdminServiceTest" time="0.093"/>
  <testcase name="usersMasksEmailAndWritesExactlyOneAuditAfterSnapshotWithoutRawQuery()" classname="com.farmlog.admin.AdminServiceTest" time="0.025"/>
  <system-out><![CDATA[]]></system-out>
  <system-err><![CDATA[]]></system-err>
</testsuite>
