<?xml version="1.0" encoding="UTF-8"?>
<testsuite name="com.farmlog.farmstructure.FarmStructureMasterResolutionTest" tests="8" skipped="0" failures="0" errors="0" timestamp="2026-07-20T07:17:48.977Z" hostname="DESKTOP-D0KHPJK" time="0.162">
  <properties/>
  <testcase name="copyRenamedRejectsNameAlreadyUsedByAnotherTargetResource()" classname="com.farmlog.farmstructure.FarmStructureMasterResolutionTest" time="0.134"/>
  <testcase name="copyRenamedRejectsAnotherSourceGroupsDefaultDestinationForNewTarget()" classname="com.farmlog.farmstructure.FarmStructureMasterResolutionTest" time="0.004"/>
  <testcase name="reuseTargetReactivatesSoftDeletedCandidateAndMapsExactTargetId()" classname="com.farmlog.farmstructure.FarmStructureMasterResolutionTest" time="0.004"/>
  <testcase name="nullResolutionActionAndResourceTypeAreValidationErrors()" classname="com.farmlog.farmstructure.FarmStructureMasterResolutionTest" time="0.004"/>
  <testcase name="copyRenamedRejectsDuplicateDestinationsAcrossResolutions()" classname="com.farmlog.farmstructure.FarmStructureMasterResolutionTest" time="0.003"/>
  <testcase name="copyRenamedCreatesLocalResourceAndRecordsResolvedName()" classname="com.farmlog.farmstructure.FarmStructureMasterResolutionTest" time="0.003"/>
  <testcase name="representativeExistingTargetIsNotTreatedAsItsOwnSourceConflict()" classname="com.farmlog.farmstructure.FarmStructureMasterResolutionTest" time="0.002"/>
  <testcase name="canonicalSourceWinsNewTargetConflictAndSkipPerformsNoCopy()" classname="com.farmlog.farmstructure.FarmStructureMasterResolutionTest" time="0.006"/>
  <system-out><![CDATA[]]></system-out>
  <system-err><![CDATA[]]></system-err>
</testsuite>
