<?xml version="1.0" encoding="UTF-8"?>
<testsuite name="com.farmlog.farm.FarmControllerWebTest" tests="13" skipped="0" failures="0" errors="0" timestamp="2026-07-20T07:17:47.482Z" hostname="DESKTOP-D0KHPJK" time="0.843">
  <properties/>
  <testcase name="createFarm_success_returns201WithFarmOwnerRole()" classname="com.farmlog.farm.FarmControllerWebTest" time="0.032"/>
  <testcase name="createFarm_blankName_returns400ValidationError()" classname="com.farmlog.farm.FarmControllerWebTest" time="0.007"/>
  <testcase name="updateZone_explicitNullArea_isPassedAsClearRequest()" classname="com.farmlog.farm.FarmControllerWebTest" time="0.034"/>
  <testcase name="updateZone_blankZoneType_returns400ValidationError()" classname="com.farmlog.farm.FarmControllerWebTest" time="0.011"/>
  <testcase name="createZone_negativeArea_returns400ValidationError()" classname="com.farmlog.farm.FarmControllerWebTest" time="0.021"/>
  <testcase name="deactivateZone_success_returns200WithActiveFalse()" classname="com.farmlog.farm.FarmControllerWebTest" time="0.007"/>
  <testcase name="getZones_crossFarmAccess_returns403Forbidden()" classname="com.farmlog.farm.FarmControllerWebTest" time="0.011"/>
  <testcase name="updateZone_negativeDisplayOrder_returns400ValidationError()" classname="com.farmlog.farm.FarmControllerWebTest" time="0.011"/>
  <testcase name="getZoneAssignments_withoutToken_returns401()" classname="com.farmlog.farm.FarmControllerWebTest" time="0.007"/>
  <testcase name="getZones_success_returns200WithOrderedZones()" classname="com.farmlog.farm.FarmControllerWebTest" time="0.018"/>
  <testcase name="getMyFarms_withToken_returns200WithRoleField()" classname="com.farmlog.farm.FarmControllerWebTest" time="0.007"/>
  <testcase name="createZone_blankName_returns400ValidationError()" classname="com.farmlog.farm.FarmControllerWebTest" time="0.009"/>
  <testcase name="getMyFarms_withoutToken_returns401InvalidToken()" classname="com.farmlog.farm.FarmControllerWebTest" time="0.004"/>
  <system-out><![CDATA[2026-07-20T16:17:47.484+09:00  INFO 32132 --- [farmlog-api] [    Test worker] t.c.s.AnnotationConfigContextLoaderUtils : Could not detect default configuration classes for test class [com.farmlog.farm.FarmControllerWebTest]: FarmControllerWebTest does not declare any static, non-private, non-final, nested classes annotated with @Configuration.
2026-07-20T16:17:47.536+09:00  INFO 32132 --- [farmlog-api] [    Test worker] .b.t.c.SpringBootTestContextBootstrapper : Found @SpringBootConfiguration com.farmlog.FarmlogApiApplication for test class com.farmlog.farm.FarmControllerWebTest

  .   ____          _            __ _ _
 /\\ / ___'_ __ _ _(_)_ __  __ _ \ \ \ \
( ( )\___ | '_ | '_| | '_ \/ _` | \ \ \ \
 \\/  ___)| |_)| | | | | || (_| |  ) ) ) )
  '  |____| .__|_| |_|_| |_\__, | / / / /
 =========|_|==============|___/=/_/_/_/

 :: Spring Boot ::                (v3.3.5)

2026-07-20T16:17:47.577+09:00  INFO 32132 --- [farmlog-api] [    Test worker] com.farmlog.farm.FarmControllerWebTest   : Starting FarmControllerWebTest using Java 17.0.16 with PID 32132 (started by dong in C:\Users\dong\Desktop\Company\project\파밍로그\app\backend)
2026-07-20T16:17:47.577+09:00 DEBUG 32132 --- [farmlog-api] [    Test worker] com.farmlog.farm.FarmControllerWebTest   : Running with Spring Boot v3.3.5, Spring v6.1.14
2026-07-20T16:17:47.577+09:00  INFO 32132 --- [farmlog-api] [    Test worker] com.farmlog.farm.FarmControllerWebTest   : The following 1 profile is active: "local"
2026-07-20T16:17:48.026+09:00  WARN 32132 --- [farmlog-api] [    Test worker] .s.s.UserDetailsServiceAutoConfiguration : 

Using generated security password: dadd027b-be08-46d0-92f7-ab11f295dd3c

This generated password is for development use only. Your security configuration must be updated before running your application in production.

2026-07-20T16:17:48.028+09:00  INFO 32132 --- [farmlog-api] [    Test worker] r$InitializeUserDetailsManagerConfigurer : Global AuthenticationManager configured with UserDetailsService bean with name inMemoryUserDetailsManager
2026-07-20T16:17:48.074+09:00 DEBUG 32132 --- [farmlog-api] [    Test worker] o.s.s.web.DefaultSecurityFilterChain     : Will secure any request with filters: DisableEncodeUrlFilter, WebAsyncManagerIntegrationFilter, SecurityContextHolderFilter, HeaderWriterFilter, LogoutFilter, JwtAuthenticationFilter, RequestCacheAwareFilter, SecurityContextHolderAwareRequestFilter, AnonymousAuthenticationFilter, SessionManagementFilter, ExceptionTranslationFilter, AuthorizationFilter
2026-07-20T16:17:48.122+09:00 DEBUG 32132 --- [farmlog-api] [    Test worker] c.f.c.security.JwtAuthenticationFilter   : Filter 'jwtAuthenticationFilter' configured for use
2026-07-20T16:17:48.122+09:00  INFO 32132 --- [farmlog-api] [    Test worker] o.s.b.t.m.w.SpringBootMockServletContext : Initializing Spring TestDispatcherServlet ''
2026-07-20T16:17:48.122+09:00  INFO 32132 --- [farmlog-api] [    Test worker] o.s.t.web.servlet.TestDispatcherServlet  : Initializing Servlet ''
2026-07-20T16:17:48.123+09:00  INFO 32132 --- [farmlog-api] [    Test worker] o.s.t.web.servlet.TestDispatcherServlet  : Completed initialization in 1 ms
2026-07-20T16:17:48.132+09:00  INFO 32132 --- [farmlog-api] [    Test worker] com.farmlog.farm.FarmControllerWebTest   : Started FarmControllerWebTest in 0.593 seconds (process running for 9.981)
2026-07-20T16:17:48.141+09:00 DEBUG 32132 --- [farmlog-api] [    Test worker] o.s.security.web.FilterChainProxy        : Securing POST /farms
2026-07-20T16:17:48.144+09:00 DEBUG 32132 --- [farmlog-api] [    Test worker] o.s.security.web.FilterChainProxy        : Secured POST /farms
2026-07-20T16:17:48.170+09:00 DEBUG 32132 --- [farmlog-api] [    Test worker] o.s.security.web.FilterChainProxy        : Securing POST /farms
2026-07-20T16:17:48.171+09:00 DEBUG 32132 --- [farmlog-api] [    Test worker] o.s.security.web.FilterChainProxy        : Secured POST /farms
2026-07-20T16:17:48.173+09:00  WARN 32132 --- [farmlog-api] [    Test worker] c.f.c.exception.GlobalExceptionHandler   : [bd8a8dce-b550-4771-a9cc-2643c0df06df] validation failed on POST /farms: 농장 이름을 입력해주세요.
2026-07-20T16:17:48.180+09:00 DEBUG 32132 --- [farmlog-api] [    Test worker] o.s.security.web.FilterChainProxy        : Securing PATCH /farms/1/zones/10
2026-07-20T16:17:48.182+09:00 DEBUG 32132 --- [farmlog-api] [    Test worker] o.s.security.web.FilterChainProxy        : Secured PATCH /farms/1/zones/10
2026-07-20T16:17:48.215+09:00 DEBUG 32132 --- [farmlog-api] [    Test worker] o.s.security.web.FilterChainProxy        : Securing PATCH /farms/1/zones/10
2026-07-20T16:17:48.216+09:00 DEBUG 32132 --- [farmlog-api] [    Test worker] o.s.security.web.FilterChainProxy        : Secured PATCH /farms/1/zones/10
2026-07-20T16:17:48.218+09:00  WARN 32132 --- [farmlog-api] [    Test worker] c.f.c.exception.GlobalExceptionHandler   : [6e58399e-5335-4d48-bdfd-86ee328b8e0a] validation failed on PATCH /farms/1/zones/10: 구역 유형을 입력해주세요.
2026-07-20T16:17:48.226+09:00 DEBUG 32132 --- [farmlog-api] [    Test worker] o.s.security.web.FilterChainProxy        : Securing POST /farms/1/zones
2026-07-20T16:17:48.228+09:00 DEBUG 32132 --- [farmlog-api] [    Test worker] o.s.security.web.FilterChainProxy        : Secured POST /farms/1/zones
2026-07-20T16:17:48.242+09:00  WARN 32132 --- [farmlog-api] [    Test worker] c.f.c.exception.GlobalExceptionHandler   : [29ced440-a212-43a4-9874-2b3b436e09dc] validation failed on POST /farms/1/zones: 면적은 0 이상으로 입력해주세요.
2026-07-20T16:17:48.248+09:00 DEBUG 32132 --- [farmlog-api] [    Test worker] o.s.security.web.FilterChainProxy        : Securing PATCH /farms/1/zones/10/deactivate
2026-07-20T16:17:48.249+09:00 DEBUG 32132 --- [farmlog-api] [    Test worker] o.s.security.web.FilterChainProxy        : Secured PATCH /farms/1/zones/10/deactivate
2026-07-20T16:17:48.256+09:00 DEBUG 32132 --- [farmlog-api] [    Test worker] o.s.security.web.FilterChainProxy        : Securing GET /farms/999/zones
2026-07-20T16:17:48.257+09:00 DEBUG 32132 --- [farmlog-api] [    Test worker] o.s.security.web.FilterChainProxy        : Secured GET /farms/999/zones
2026-07-20T16:17:48.260+09:00  WARN 32132 --- [farmlog-api] [    Test worker] c.f.c.exception.GlobalExceptionHandler   : [3e61ea8f-a0d7-4a02-a49f-27b9891feaf9] business exception on GET /farms/999/zones: 이 농장에 접근할 권한이 없습니다.
2026-07-20T16:17:48.267+09:00 DEBUG 32132 --- [farmlog-api] [    Test worker] o.s.security.web.FilterChainProxy        : Securing PATCH /farms/1/zones/10
2026-07-20T16:17:48.269+09:00 DEBUG 32132 --- [farmlog-api] [    Test worker] o.s.security.web.FilterChainProxy        : Secured PATCH /farms/1/zones/10
2026-07-20T16:17:48.273+09:00  WARN 32132 --- [farmlog-api] [    Test worker] c.f.c.exception.GlobalExceptionHandler   : [34d9c4dd-1311-4527-a4de-36965dc7d690] validation failed on PATCH /farms/1/zones/10: 정렬 순서는 0 이상으로 입력해주세요.
2026-07-20T16:17:48.278+09:00 DEBUG 32132 --- [farmlog-api] [    Test worker] o.s.security.web.FilterChainProxy        : Securing GET /farms/1/zone-assignments
2026-07-20T16:17:48.279+09:00 DEBUG 32132 --- [farmlog-api] [    Test worker] o.s.s.w.a.AnonymousAuthenticationFilter  : Set SecurityContextHolder to anonymous SecurityContext
2026-07-20T16:17:48.288+09:00 DEBUG 32132 --- [farmlog-api] [    Test worker] o.s.security.web.FilterChainProxy        : Securing GET /farms/1/zones
2026-07-20T16:17:48.289+09:00 DEBUG 32132 --- [farmlog-api] [    Test worker] o.s.security.web.FilterChainProxy        : Secured GET /farms/1/zones
2026-07-20T16:17:48.306+09:00 DEBUG 32132 --- [farmlog-api] [    Test worker] o.s.security.web.FilterChainProxy        : Securing GET /farms
2026-07-20T16:17:48.307+09:00 DEBUG 32132 --- [farmlog-api] [    Test worker] o.s.security.web.FilterChainProxy        : Secured GET /farms
2026-07-20T16:17:48.314+09:00 DEBUG 32132 --- [farmlog-api] [    Test worker] o.s.security.web.FilterChainProxy        : Securing POST /farms/1/zones
2026-07-20T16:17:48.316+09:00 DEBUG 32132 --- [farmlog-api] [    Test worker] o.s.security.web.FilterChainProxy        : Secured POST /farms/1/zones
2026-07-20T16:17:48.317+09:00  WARN 32132 --- [farmlog-api] [    Test worker] c.f.c.exception.GlobalExceptionHandler   : [a8b9066b-aab7-416c-952c-8435a2460a4f] validation failed on POST /farms/1/zones: 구역 이름을 입력해주세요.
2026-07-20T16:17:48.322+09:00 DEBUG 32132 --- [farmlog-api] [    Test worker] o.s.security.web.FilterChainProxy        : Securing GET /farms
2026-07-20T16:17:48.322+09:00 DEBUG 32132 --- [farmlog-api] [    Test worker] o.s.s.w.a.AnonymousAuthenticationFilter  : Set SecurityContextHolder to anonymous SecurityContext
]]></system-out>
  <system-err><![CDATA[]]></system-err>
</testsuite>
