<?xml version="1.0" encoding="UTF-8"?>
<testsuite name="com.farmlog.report.AggregateReportServiceTest" tests="5" skipped="0" failures="0" errors="0" timestamp="2026-07-20T07:17:51.986Z" hostname="DESKTOP-D0KHPJK" time="0.114">
  <properties/>
  <testcase name="requiresAtLeastOneActiveOwnerCapability()" classname="com.farmlog.report.AggregateReportServiceTest" time="0.078"/>
  <testcase name="returnsEmptyNoDataWhenCapabilityExistsButNoFarmPassesStructuralFilter()" classname="com.farmlog.report.AggregateReportServiceTest" time="0.013"/>
  <testcase name="sumsCurrentAndPreviousValuesAcrossSameFarmSet()" classname="com.farmlog.report.AggregateReportServiceTest" time="0.011"/>
  <testcase name="includesZeroDataFarmAndUsesQuantityWeightedGlobalAverage()" classname="com.farmlog.report.AggregateReportServiceTest" time="0.006"/>
  <testcase name="aggregateMethodDeclaresRepeatableReadSnapshot()" classname="com.farmlog.report.AggregateReportServiceTest" time="0.004"/>
  <system-out><![CDATA[]]></system-out>
  <system-err><![CDATA[]]></system-err>
</testsuite>
