<?xml version="1.0" encoding="UTF-8"?>
<testsuite name="com.farmlog.report.ReportMapperContractTest" tests="2" skipped="0" failures="0" errors="0" timestamp="2026-07-20T07:17:52.218Z" hostname="DESKTOP-D0KHPJK" time="0.005">
  <properties/>
  <testcase name="aggregateUsesFixedOwnerFarmSetAndBulkQueries()" classname="com.farmlog.report.ReportMapperContractTest" time="0.002"/>
  <testcase name="allAggregationsAreTenantScopedSoftDeleteAwareAndUnitAware()" classname="com.farmlog.report.ReportMapperContractTest" time="0.002"/>
  <system-out><![CDATA[]]></system-out>
  <system-err><![CDATA[]]></system-err>
</testsuite>
