<?xml version="1.0" encoding="UTF-8"?>
<testsuite name="com.farmlog.organizationdashboard.OrganizationDashboardServiceTest" tests="5" skipped="0" failures="0" errors="0" timestamp="2026-07-20T07:17:50.483Z" hostname="DESKTOP-D0KHPJK" time="0.156">
  <properties/>
  <testcase name="detailAllowsMergedFarmButHidesRawPersonalAndOperationalFields()" classname="com.farmlog.organizationdashboard.OrganizationDashboardServiceTest" time="0.123"/>
  <testcase name="farmListUsesPageIdsForOneBatchAndDoesNotLoadAveragePrices()" classname="com.farmlog.organizationdashboard.OrganizationDashboardServiceTest" time="0.011"/>
  <testcase name="zeroFarmDashboardReturnsZeroMetricsWithoutInvalidInQueryAndAuditsOnce()" classname="com.farmlog.organizationdashboard.OrganizationDashboardServiceTest" time="0.007"/>
  <testcase name="foreignFarmIsHiddenAndInvalidInputsAreValidationErrors()" classname="com.farmlog.organizationdashboard.OrganizationDashboardServiceTest" time="0.006"/>
  <testcase name="dashboardKeepsMergedFarmRecordsAndCalculatesWeightedAverageAndPreviousChanges()" classname="com.farmlog.organizationdashboard.OrganizationDashboardServiceTest" time="0.007"/>
  <system-out><![CDATA[]]></system-out>
  <system-err><![CDATA[]]></system-err>
</testsuite>
