<?xml version="1.0" encoding="UTF-8"?>
<testsuite name="com.farmlog.farm.FarmMapperContractTest" tests="2" skipped="0" failures="0" errors="0" timestamp="2026-07-20T07:17:48.326Z" hostname="DESKTOP-D0KHPJK" time="0.36">
  <properties/>
  <testcase name="mapperXml_parsesAndKeepsTenantSafeZoneUpdateSql()" classname="com.farmlog.farm.FarmMapperContractTest" time="0.356"/>
  <testcase name="schema_containsEveryColumnUsedByFarmZoneMappers()" classname="com.farmlog.farm.FarmMapperContractTest" time="0.004"/>
  <system-out><![CDATA[]]></system-out>
  <system-err><![CDATA[]]></system-err>
</testsuite>
