<?xml version="1.0" encoding="UTF-8"?>
<testsuite name="com.farmlog.user.UserControllerSecurityTest" tests="5" skipped="0" failures="0" errors="0" timestamp="2026-07-20T07:17:52.253Z" hostname="DESKTOP-D0KHPJK" time="2.499">
  <properties/>
  <testcase name="getMyProfile_withExpiredToken_returns401AuthExpired()" classname="com.farmlog.user.UserControllerSecurityTest" time="0.238"/>
  <testcase name="getMyProfile_withValidAccessToken_returns200AndResolvesPrincipalUserId()" classname="com.farmlog.user.UserControllerSecurityTest" time="0.064"/>
  <testcase name="getMyProfile_withoutAuthorizationHeader_returns401InvalidToken()" classname="com.farmlog.user.UserControllerSecurityTest" time="0.024"/>
  <testcase name="getMyProfile_withGarbageToken_returns401InvalidToken()" classname="com.farmlog.user.UserControllerSecurityTest" time="0.017"/>
  <testcase name="getMyProfile_withRefreshTokenInsteadOfAccessToken_returns401InvalidToken()" classname="com.farmlog.user.UserControllerSecurityTest" time="0.127"/>
  <system-out><![CDATA[2026-07-20T16:17:52.254+09:00  INFO 32132 --- [farmlog-api] [    Test worker] t.c.s.AnnotationConfigContextLoaderUtils : Could not detect default configuration classes for test class [com.farmlog.user.UserControllerSecurityTest]: UserControllerSecurityTest does not declare any static, non-private, non-final, nested classes annotated with @Configuration.
2026-07-20T16:17:52.324+09:00  INFO 32132 --- [farmlog-api] [    Test worker] .b.t.c.SpringBootTestContextBootstrapper : Found @SpringBootConfiguration com.farmlog.FarmlogApiApplication for test class com.farmlog.user.UserControllerSecurityTest

  .   ____          _            __ _ _
 /\\ / ___'_ __ _ _(_)_ __  __ _ \ \ \ \
( ( )\___ | '_ | '_| | '_ \/ _` | \ \ \ \
 \\/  ___)| |_)| | | | | || (_| |  ) ) ) )
  '  |____| .__|_| |_|_| |_\__, | / / / /
 =========|_|==============|___/=/_/_/_/

 :: Spring Boot ::                (v3.3.5)

2026-07-20T16:17:52.386+09:00  INFO 32132 --- [farmlog-api] [    Test worker] c.f.user.UserControllerSecurityTest      : Starting UserControllerSecurityTest using Java 17.0.16 with PID 32132 (started by dong in C:\Users\dong\Desktop\Company\project\파밍로그\app\backend)
2026-07-20T16:17:52.386+09:00 DEBUG 32132 --- [farmlog-api] [    Test worker] c.f.user.UserControllerSecurityTest      : Running with Spring Boot v3.3.5, Spring v6.1.14
2026-07-20T16:17:52.386+09:00  INFO 32132 --- [farmlog-api] [    Test worker] c.f.user.UserControllerSecurityTest      : The following 1 profile is active: "local"
2026-07-20T16:17:53.737+09:00  WARN 32132 --- [farmlog-api] [    Test worker] .s.s.UserDetailsServiceAutoConfiguration : 

Using generated security password: 7f6a5fd6-6b4f-4593-998a-e2dbb3c1c2be

This generated password is for development use only. Your security configuration must be updated before running your application in production.

2026-07-20T16:17:53.775+09:00  INFO 32132 --- [farmlog-api] [    Test worker] r$InitializeUserDetailsManagerConfigurer : Global AuthenticationManager configured with UserDetailsService bean with name inMemoryUserDetailsManager
2026-07-20T16:17:53.888+09:00 DEBUG 32132 --- [farmlog-api] [    Test worker] o.s.s.web.DefaultSecurityFilterChain     : Will secure any request with filters: DisableEncodeUrlFilter, WebAsyncManagerIntegrationFilter, SecurityContextHolderFilter, HeaderWriterFilter, LogoutFilter, JwtAuthenticationFilter, RequestCacheAwareFilter, SecurityContextHolderAwareRequestFilter, AnonymousAuthenticationFilter, SessionManagementFilter, ExceptionTranslationFilter, AuthorizationFilter
2026-07-20T16:17:54.158+09:00 DEBUG 32132 --- [farmlog-api] [    Test worker] c.f.c.security.JwtAuthenticationFilter   : Filter 'jwtAuthenticationFilter' configured for use
2026-07-20T16:17:54.191+09:00  INFO 32132 --- [farmlog-api] [    Test worker] o.s.b.t.m.w.SpringBootMockServletContext : Initializing Spring TestDispatcherServlet ''
2026-07-20T16:17:54.192+09:00  INFO 32132 --- [farmlog-api] [    Test worker] o.s.t.web.servlet.TestDispatcherServlet  : Initializing Servlet ''
2026-07-20T16:17:54.195+09:00  INFO 32132 --- [farmlog-api] [    Test worker] o.s.t.web.servlet.TestDispatcherServlet  : Completed initialization in 3 ms
2026-07-20T16:17:54.210+09:00  INFO 32132 --- [farmlog-api] [    Test worker] c.f.user.UserControllerSecurityTest      : Started UserControllerSecurityTest in 1.881 seconds (process running for 16.058)
2026-07-20T16:17:54.271+09:00 DEBUG 32132 --- [farmlog-api] [    Test worker] o.s.security.web.FilterChainProxy        : Securing GET /users/me
2026-07-20T16:17:54.284+09:00 DEBUG 32132 --- [farmlog-api] [    Test worker] o.s.s.w.a.AnonymousAuthenticationFilter  : Set SecurityContextHolder to anonymous SecurityContext
2026-07-20T16:17:54.512+09:00 DEBUG 32132 --- [farmlog-api] [    Test worker] o.s.security.web.FilterChainProxy        : Securing GET /users/me
2026-07-20T16:17:54.520+09:00 DEBUG 32132 --- [farmlog-api] [    Test worker] o.s.security.web.FilterChainProxy        : Secured GET /users/me
2026-07-20T16:17:54.584+09:00 DEBUG 32132 --- [farmlog-api] [    Test worker] o.s.security.web.FilterChainProxy        : Securing GET /users/me
2026-07-20T16:17:54.588+09:00 DEBUG 32132 --- [farmlog-api] [    Test worker] o.s.s.w.a.AnonymousAuthenticationFilter  : Set SecurityContextHolder to anonymous SecurityContext
2026-07-20T16:17:54.611+09:00 DEBUG 32132 --- [farmlog-api] [    Test worker] o.s.security.web.FilterChainProxy        : Securing GET /users/me
2026-07-20T16:17:54.612+09:00 DEBUG 32132 --- [farmlog-api] [    Test worker] o.s.s.w.a.AnonymousAuthenticationFilter  : Set SecurityContextHolder to anonymous SecurityContext
2026-07-20T16:17:54.639+09:00 DEBUG 32132 --- [farmlog-api] [    Test worker] o.s.security.web.FilterChainProxy        : Securing GET /users/me
2026-07-20T16:17:54.651+09:00 DEBUG 32132 --- [farmlog-api] [    Test worker] o.s.s.w.a.AnonymousAuthenticationFilter  : Set SecurityContextHolder to anonymous SecurityContext
]]></system-out>
  <system-err><![CDATA[]]></system-err>
</testsuite>
