<?xml version="1.0" encoding="UTF-8"?>
<testsuite name="com.farmlog.farmstructure.FarmStructureServiceValidationTest" tests="7" skipped="0" failures="0" errors="0" timestamp="2026-07-20T07:17:49.139Z" hostname="DESKTOP-D0KHPJK" time="0.023">
  <properties/>
  <testcase name="expiredDraftCannotBeConfirmed()" classname="com.farmlog.farmstructure.FarmStructureServiceValidationTest" time="0.003"/>
  <testcase name="splitEffectiveDateCannotPrecedeExistingTargetCreation()" classname="com.farmlog.farmstructure.FarmStructureServiceValidationTest" time="0.008"/>
  <testcase name="splitCannotReuseItsSourceFarmAsTarget()" classname="com.farmlog.farmstructure.FarmStructureServiceValidationTest" time="0.001"/>
  <testcase name="mergeEffectiveDateCannotPrecedeSeparateExistingTargetCreation()" classname="com.farmlog.farmstructure.FarmStructureServiceValidationTest" time="0.004"/>
  <testcase name="nullTargetModeIsReportedAsValidationError()" classname="com.farmlog.farmstructure.FarmStructureServiceValidationTest" time="0.001"/>
  <testcase name="nullPolicyAndNullScopeAreReportedAsValidationErrors()" classname="com.farmlog.farmstructure.FarmStructureServiceValidationTest" time="0.001"/>
  <testcase name="nullResolutionAndConflictIdAreReportedBeforeSorting()" classname="com.farmlog.farmstructure.FarmStructureServiceValidationTest" time="0.0"/>
  <system-out><![CDATA[]]></system-out>
  <system-err><![CDATA[]]></system-err>
</testsuite>
