<?xml version="1.0" encoding="UTF-8"?>
<testsuite name="com.farmlog.report.ProjectedReportServiceTest" tests="7" skipped="0" failures="0" errors="0" timestamp="2026-07-20T07:17:52.107Z" hostname="DESKTOP-D0KHPJK" time="0.11">
  <properties/>
  <testcase name="mergeThenSplitReplayHonorsEffectiveDateBoundary()" classname="com.farmlog.report.ProjectedReportServiceTest" time="0.065"/>
  <testcase name="authorizedDraftReportsConflictAfterAuthorization()" classname="com.farmlog.report.ProjectedReportServiceTest" time="0.013"/>
  <testcase name="currentEchoesLatestCancelTupleMarkerEvenWhenNoOriginalItemsRemain()" classname="com.farmlog.report.ProjectedReportServiceTest" time="0.009"/>
  <testcase name="unauthorizedEventIsHiddenBeforeDraftStateIsReported()" classname="com.farmlog.report.ProjectedReportServiceTest" time="0.004"/>
  <testcase name="splitNeverMovesZoneLessSales()" classname="com.farmlog.report.ProjectedReportServiceTest" time="0.002"/>
  <testcase name="zeroSalesQuantityDoesNotCreateAveragePriceOrDivideByZero()" classname="com.farmlog.report.ProjectedReportServiceTest" time="0.006"/>
  <testcase name="selectedPeriodIsHalfOpenAndRecordedOnlyNeverProjects()" classname="com.farmlog.report.ProjectedReportServiceTest" time="0.003"/>
  <system-out><![CDATA[]]></system-out>
  <system-err><![CDATA[]]></system-err>
</testsuite>
